[0.084s] Invoking command in '/home/skp/ros/dev_ws/build/mypackage': CMAKE_PREFIX_PATH=${CMAKE_PREFIX_PATH}:/opt/ros/foxy /usr/bin/cmake --build /home/skp/ros/dev_ws/build/mypackage -- -j8 -l8
[0.233s] Invoked command in '/home/skp/ros/dev_ws/build/mypackage' returned '0': CMAKE_PREFIX_PATH=${CMAKE_PREFIX_PATH}:/opt/ros/foxy /usr/bin/cmake --build /home/skp/ros/dev_ws/build/mypackage -- -j8 -l8
[0.354s] Invoking command in '/home/skp/ros/dev_ws/build/mypackage': CMAKE_PREFIX_PATH=${CMAKE_PREFIX_PATH}:/opt/ros/foxy /usr/bin/cmake --install /home/skp/ros/dev_ws/build/mypackage
[0.383s] -- Install configuration: ""
[0.384s] -- Execute custom install script
[0.387s] -- Symlinking: /home/skp/ros/dev_ws/install/mypackage/share/mypackage/launch/listener.launch.py
[0.421s] -- Up-to-date symlink: /home/skp/ros/dev_ws/install/mypackage/share/mypackage/launch/talker.launch.py
[0.423s] -- Up-to-date symlink: /home/skp/ros/dev_ws/install/mypackage/share/ament_index/resource_index/package_run_dependencies/mypackage
[0.425s] -- Up-to-date symlink: /home/skp/ros/dev_ws/install/mypackage/share/ament_index/resource_index/parent_prefix_path/mypackage
[0.427s] -- Up-to-date symlink: /home/skp/ros/dev_ws/install/mypackage/share/mypackage/environment/ament_prefix_path.sh
[0.428s] -- Up-to-date symlink: /home/skp/ros/dev_ws/install/mypackage/share/mypackage/environment/ament_prefix_path.dsv
[0.429s] -- Up-to-date symlink: /home/skp/ros/dev_ws/install/mypackage/share/mypackage/environment/path.sh
[0.431s] -- Up-to-date symlink: /home/skp/ros/dev_ws/install/mypackage/share/mypackage/environment/path.dsv
[0.432s] -- Up-to-date symlink: /home/skp/ros/dev_ws/install/mypackage/share/mypackage/local_setup.bash
[0.433s] -- Up-to-date symlink: /home/skp/ros/dev_ws/install/mypackage/share/mypackage/local_setup.sh
[0.434s] -- Up-to-date symlink: /home/skp/ros/dev_ws/install/mypackage/share/mypackage/local_setup.zsh
[0.435s] -- Up-to-date symlink: /home/skp/ros/dev_ws/install/mypackage/share/mypackage/local_setup.dsv
[0.436s] -- Symlinking: /home/skp/ros/dev_ws/install/mypackage/share/mypackage/package.dsv
[0.470s] -- Up-to-date symlink: /home/skp/ros/dev_ws/install/mypackage/share/ament_index/resource_index/packages/mypackage
[0.471s] -- Up-to-date symlink: /home/skp/ros/dev_ws/install/mypackage/share/mypackage/cmake/mypackageConfig.cmake
[0.472s] -- Up-to-date symlink: /home/skp/ros/dev_ws/install/mypackage/share/mypackage/cmake/mypackageConfig-version.cmake
[0.473s] -- Up-to-date symlink: /home/skp/ros/dev_ws/install/mypackage/share/mypackage/package.xml
[0.483s] Invoked command in '/home/skp/ros/dev_ws/build/mypackage' returned '0': CMAKE_PREFIX_PATH=${CMAKE_PREFIX_PATH}:/opt/ros/foxy /usr/bin/cmake --install /home/skp/ros/dev_ws/build/mypackage
