-- Found ament_cmake: 0.9.9 (/opt/ros/foxy/share/ament_cmake/cmake)
-- Using PYTHON_EXECUTABLE: /usr/bin/python3
-- Override CMake install command with custom implementation using symlinks instead of copying resources
-- Found ament_lint_auto: 0.9.6 (/opt/ros/foxy/share/ament_lint_auto/cmake)
-- Added test 'copyright' to check source files copyright and LICENSE
-- Added test 'flake8' to check Python code syntax and style conventions
-- Added test 'lint_cmake' to check CMake code style
-- Added test 'pep257' to check Python code against some of the style conventions in PEP 257
-- Added test 'xmllint' to check XML markup files
-- Configuring done
-- Generating done
-- Build files have been written to: /home/skp/ros/dev_ws/build/mypackage
-- Install configuration: ""
-- Execute custom install script
-- Up-to-date symlink: /home/skp/ros/dev_ws/install/mypackage/share/mypackage/launch/listner.launch.py
-- Up-to-date symlink: /home/skp/ros/dev_ws/install/mypackage/share/mypackage/launch/talker.launch.py
-- Up-to-date symlink: /home/skp/ros/dev_ws/install/mypackage/share/ament_index/resource_index/package_run_dependencies/mypackage
-- Up-to-date symlink: /home/skp/ros/dev_ws/install/mypackage/share/ament_index/resource_index/parent_prefix_path/mypackage
-- Up-to-date symlink: /home/skp/ros/dev_ws/install/mypackage/share/mypackage/environment/ament_prefix_path.sh
-- Up-to-date symlink: /home/skp/ros/dev_ws/install/mypackage/share/mypackage/environment/ament_prefix_path.dsv
-- Up-to-date symlink: /home/skp/ros/dev_ws/install/mypackage/share/mypackage/environment/path.sh
-- Up-to-date symlink: /home/skp/ros/dev_ws/install/mypackage/share/mypackage/environment/path.dsv
-- Up-to-date symlink: /home/skp/ros/dev_ws/install/mypackage/share/mypackage/local_setup.bash
-- Up-to-date symlink: /home/skp/ros/dev_ws/install/mypackage/share/mypackage/local_setup.sh
-- Up-to-date symlink: /home/skp/ros/dev_ws/install/mypackage/share/mypackage/local_setup.zsh
-- Up-to-date symlink: /home/skp/ros/dev_ws/install/mypackage/share/mypackage/local_setup.dsv
-- Symlinking: /home/skp/ros/dev_ws/install/mypackage/share/mypackage/package.dsv
-- Up-to-date symlink: /home/skp/ros/dev_ws/install/mypackage/share/ament_index/resource_index/packages/mypackage
-- Up-to-date symlink: /home/skp/ros/dev_ws/install/mypackage/share/mypackage/cmake/mypackageConfig.cmake
-- Up-to-date symlink: /home/skp/ros/dev_ws/install/mypackage/share/mypackage/cmake/mypackageConfig-version.cmake
-- Up-to-date symlink: /home/skp/ros/dev_ws/install/mypackage/share/mypackage/package.xml
