[0.084s] Invoking command in '/home/skp/ros/dev_ws/build/mypackage': CMAKE_PREFIX_PATH=${CMAKE_PREFIX_PATH}:/opt/ros/foxy /usr/bin/cmake --build /home/skp/ros/dev_ws/build/mypackage -- -j8 -l8
[0.249s] Invoked command in '/home/skp/ros/dev_ws/build/mypackage' returned '0': CMAKE_PREFIX_PATH=${CMAKE_PREFIX_PATH}:/opt/ros/foxy /usr/bin/cmake --build /home/skp/ros/dev_ws/build/mypackage -- -j8 -l8
[0.361s] Invoking command in '/home/skp/ros/dev_ws/build/mypackage': CMAKE_PREFIX_PATH=${CMAKE_PREFIX_PATH}:/opt/ros/foxy /usr/bin/cmake --install /home/skp/ros/dev_ws/build/mypackage
[0.388s] -- Install configuration: ""
[0.390s] -- Execute custom install script
[0.392s] -- Up-to-date symlink: /home/skp/ros/dev_ws/install/mypackage/share/mypackage/launch/listner.launch.py
[0.393s] -- Up-to-date symlink: /home/skp/ros/dev_ws/install/mypackage/share/mypackage/launch/talker.launch.py
[0.395s] -- Up-to-date symlink: /home/skp/ros/dev_ws/install/mypackage/share/ament_index/resource_index/package_run_dependencies/mypackage
[0.396s] -- Up-to-date symlink: /home/skp/ros/dev_ws/install/mypackage/share/ament_index/resource_index/parent_prefix_path/mypackage
[0.398s] -- Up-to-date symlink: /home/skp/ros/dev_ws/install/mypackage/share/mypackage/environment/ament_prefix_path.sh
[0.399s] -- Up-to-date symlink: /home/skp/ros/dev_ws/install/mypackage/share/mypackage/environment/ament_prefix_path.dsv
[0.401s] -- Up-to-date symlink: /home/skp/ros/dev_ws/install/mypackage/share/mypackage/environment/path.sh
[0.402s] -- Up-to-date symlink: /home/skp/ros/dev_ws/install/mypackage/share/mypackage/environment/path.dsv
[0.403s] -- Up-to-date symlink: /home/skp/ros/dev_ws/install/mypackage/share/mypackage/local_setup.bash
[0.405s] -- Up-to-date symlink: /home/skp/ros/dev_ws/install/mypackage/share/mypackage/local_setup.sh
[0.406s] -- Up-to-date symlink: /home/skp/ros/dev_ws/install/mypackage/share/mypackage/local_setup.zsh
[0.407s] -- Up-to-date symlink: /home/skp/ros/dev_ws/install/mypackage/share/mypackage/local_setup.dsv
[0.408s] -- Symlinking: /home/skp/ros/dev_ws/install/mypackage/share/mypackage/package.dsv
[0.438s] -- Up-to-date symlink: /home/skp/ros/dev_ws/install/mypackage/share/ament_index/resource_index/packages/mypackage
[0.440s] -- Up-to-date symlink: /home/skp/ros/dev_ws/install/mypackage/share/mypackage/cmake/mypackageConfig.cmake
[0.441s] -- Up-to-date symlink: /home/skp/ros/dev_ws/install/mypackage/share/mypackage/cmake/mypackageConfig-version.cmake
[0.442s] -- Up-to-date symlink: /home/skp/ros/dev_ws/install/mypackage/share/mypackage/package.xml
[0.450s] Invoked command in '/home/skp/ros/dev_ws/build/mypackage' returned '0': CMAKE_PREFIX_PATH=${CMAKE_PREFIX_PATH}:/opt/ros/foxy /usr/bin/cmake --install /home/skp/ros/dev_ws/build/mypackage
