[1.363s] DEBUG:colcon:Command line arguments: ['/usr/bin/colcon', 'build', '--symlink-install']
[1.363s] DEBUG:colcon:Parsed command line arguments: Namespace(allow_overriding=[], ament_cmake_args=None, base_paths=['.'], build_base='build', catkin_cmake_args=None, catkin_skip_building_tests=False, cmake_args=None, cmake_clean_cache=False, cmake_clean_first=False, cmake_force_configure=False, cmake_target=None, cmake_target_skip_unavailable=False, continue_on_error=False, event_handlers=None, executor='parallel', ignore_user_meta=False, install_base='install', log_base=None, log_level=None, main=<bound method BuildVerb.main of <colcon_core.verb.build.BuildVerb object at 0x7f172ba09130>>, merge_install=False, metas=['./colcon.meta'], packages_above=None, packages_above_and_dependencies=None, packages_above_depth=None, packages_end=None, packages_ignore=None, packages_ignore_regex=None, packages_select=None, packages_select_build_failed=False, packages_select_by_dep=None, packages_select_regex=None, packages_select_test_failures=False, packages_skip=None, packages_skip_build_finished=False, packages_skip_by_dep=None, packages_skip_regex=None, packages_skip_test_passed=False, packages_skip_up_to=None, packages_start=None, packages_up_to=None, packages_up_to_regex=None, parallel_workers=8, paths=None, symlink_install=True, test_result_base=None, verb_extension=<colcon_core.verb.build.BuildVerb object at 0x7f172ba09130>, verb_name='build', verb_parser=<colcon_defaults.argument_parser.defaults.DefaultArgumentsDecorator object at 0x7f172ba09670>)
[1.473s] Level 1:colcon.colcon_core.package_discovery:discover_packages(colcon_meta) check parameters
[1.474s] Level 1:colcon.colcon_core.package_discovery:discover_packages(recursive) check parameters
[1.474s] Level 1:colcon.colcon_core.package_discovery:discover_packages(ignore) check parameters
[1.474s] Level 1:colcon.colcon_core.package_discovery:discover_packages(path) check parameters
[1.475s] Level 1:colcon.colcon_core.package_discovery:discover_packages(colcon_meta) discover
[1.475s] Level 1:colcon.colcon_core.package_discovery:discover_packages(recursive) discover
[1.475s] INFO:colcon.colcon_core.package_discovery:Crawling recursively for packages in '/home/skp/ros/dev_ws'
[1.475s] Level 1:colcon.colcon_core.package_identification:_identify(.) by extensions ['ignore', 'ignore_ament_install']
[1.476s] Level 1:colcon.colcon_core.package_identification:_identify(.) by extension 'ignore'
[1.476s] Level 1:colcon.colcon_core.package_identification:_identify(.) by extension 'ignore_ament_install'
[1.477s] Level 1:colcon.colcon_core.package_identification:_identify(.) by extensions ['colcon_pkg']
[1.477s] Level 1:colcon.colcon_core.package_identification:_identify(.) by extension 'colcon_pkg'
[1.477s] Level 1:colcon.colcon_core.package_identification:_identify(.) by extensions ['colcon_meta']
[1.477s] Level 1:colcon.colcon_core.package_identification:_identify(.) by extension 'colcon_meta'
[1.477s] Level 1:colcon.colcon_core.package_identification:_identify(.) by extensions ['ros']
[1.478s] Level 1:colcon.colcon_core.package_identification:_identify(.) by extension 'ros'
[1.522s] Level 1:colcon.colcon_core.package_identification:_identify(.) by extensions ['cmake', 'python']
[1.523s] Level 1:colcon.colcon_core.package_identification:_identify(.) by extension 'cmake'
[1.523s] Level 1:colcon.colcon_core.package_identification:_identify(.) by extension 'python'
[1.523s] Level 1:colcon.colcon_core.package_identification:_identify(.) by extensions ['python_setup_py']
[1.524s] Level 1:colcon.colcon_core.package_identification:_identify(.) by extension 'python_setup_py'
[1.524s] Level 1:colcon.colcon_core.package_identification:_identify(build) by extensions ['ignore', 'ignore_ament_install']
[1.524s] Level 1:colcon.colcon_core.package_identification:_identify(build) by extension 'ignore'
[1.525s] Level 1:colcon.colcon_core.package_identification:_identify(build) ignored
[1.525s] Level 1:colcon.colcon_core.package_identification:_identify(install) by extensions ['ignore', 'ignore_ament_install']
[1.526s] Level 1:colcon.colcon_core.package_identification:_identify(install) by extension 'ignore'
[1.526s] Level 1:colcon.colcon_core.package_identification:_identify(install) ignored
[1.526s] Level 1:colcon.colcon_core.package_identification:_identify(log) by extensions ['ignore', 'ignore_ament_install']
[1.527s] Level 1:colcon.colcon_core.package_identification:_identify(log) by extension 'ignore'
[1.527s] Level 1:colcon.colcon_core.package_identification:_identify(log) ignored
[1.527s] Level 1:colcon.colcon_core.package_identification:_identify(src) by extensions ['ignore', 'ignore_ament_install']
[1.528s] Level 1:colcon.colcon_core.package_identification:_identify(src) by extension 'ignore'
[1.528s] Level 1:colcon.colcon_core.package_identification:_identify(src) by extension 'ignore_ament_install'
[1.528s] Level 1:colcon.colcon_core.package_identification:_identify(src) by extensions ['colcon_pkg']
[1.528s] Level 1:colcon.colcon_core.package_identification:_identify(src) by extension 'colcon_pkg'
[1.529s] Level 1:colcon.colcon_core.package_identification:_identify(src) by extensions ['colcon_meta']
[1.529s] Level 1:colcon.colcon_core.package_identification:_identify(src) by extension 'colcon_meta'
[1.529s] Level 1:colcon.colcon_core.package_identification:_identify(src) by extensions ['ros']
[1.529s] Level 1:colcon.colcon_core.package_identification:_identify(src) by extension 'ros'
[1.530s] Level 1:colcon.colcon_core.package_identification:_identify(src) by extensions ['cmake', 'python']
[1.530s] Level 1:colcon.colcon_core.package_identification:_identify(src) by extension 'cmake'
[1.531s] Level 1:colcon.colcon_core.package_identification:_identify(src) by extension 'python'
[1.531s] Level 1:colcon.colcon_core.package_identification:_identify(src) by extensions ['python_setup_py']
[1.531s] Level 1:colcon.colcon_core.package_identification:_identify(src) by extension 'python_setup_py'
[1.532s] Level 1:colcon.colcon_core.package_identification:_identify(src/mypackage) by extensions ['ignore', 'ignore_ament_install']
[1.532s] Level 1:colcon.colcon_core.package_identification:_identify(src/mypackage) by extension 'ignore'
[1.532s] Level 1:colcon.colcon_core.package_identification:_identify(src/mypackage) by extension 'ignore_ament_install'
[1.533s] Level 1:colcon.colcon_core.package_identification:_identify(src/mypackage) by extensions ['colcon_pkg']
[1.533s] Level 1:colcon.colcon_core.package_identification:_identify(src/mypackage) by extension 'colcon_pkg'
[1.533s] Level 1:colcon.colcon_core.package_identification:_identify(src/mypackage) by extensions ['colcon_meta']
[1.533s] Level 1:colcon.colcon_core.package_identification:_identify(src/mypackage) by extension 'colcon_meta'
[1.533s] Level 1:colcon.colcon_core.package_identification:_identify(src/mypackage) by extensions ['ros']
[1.533s] Level 1:colcon.colcon_core.package_identification:_identify(src/mypackage) by extension 'ros'
[1.546s] DEBUG:colcon.colcon_core.package_identification:Package 'src/mypackage' with type 'ros.ament_cmake' and name 'mypackage'
[1.546s] Level 1:colcon.colcon_core.package_discovery:discover_packages(recursive) using defaults
[1.547s] Level 1:colcon.colcon_core.package_discovery:discover_packages(ignore) discover
[1.547s] Level 1:colcon.colcon_core.package_discovery:discover_packages(ignore) using defaults
[1.547s] Level 1:colcon.colcon_core.package_discovery:discover_packages(path) discover
[1.548s] Level 1:colcon.colcon_core.package_discovery:discover_packages(path) using defaults
[1.652s] Level 1:colcon.colcon_core.package_discovery:discover_packages(prefix_path) check parameters
[1.653s] Level 1:colcon.colcon_core.package_discovery:discover_packages(prefix_path) discover
[1.663s] DEBUG:colcon.colcon_installed_package_information.package_discovery:Found 1 installed packages in /home/skp/ros/dev_ws/install
[1.671s] DEBUG:colcon.colcon_installed_package_information.package_discovery:Found 256 installed packages in /opt/ros/foxy
[1.679s] Level 1:colcon.colcon_core.package_discovery:discover_packages(prefix_path) using defaults
[1.974s] Level 5:colcon.colcon_core.verb:set package 'mypackage' build argument 'cmake_args' from command line to 'None'
[1.974s] Level 5:colcon.colcon_core.verb:set package 'mypackage' build argument 'cmake_target' from command line to 'None'
[1.975s] Level 5:colcon.colcon_core.verb:set package 'mypackage' build argument 'cmake_target_skip_unavailable' from command line to 'False'
[1.975s] Level 5:colcon.colcon_core.verb:set package 'mypackage' build argument 'cmake_clean_cache' from command line to 'False'
[1.975s] Level 5:colcon.colcon_core.verb:set package 'mypackage' build argument 'cmake_clean_first' from command line to 'False'
[1.975s] Level 5:colcon.colcon_core.verb:set package 'mypackage' build argument 'cmake_force_configure' from command line to 'False'
[1.976s] Level 5:colcon.colcon_core.verb:set package 'mypackage' build argument 'ament_cmake_args' from command line to 'None'
[1.976s] Level 5:colcon.colcon_core.verb:set package 'mypackage' build argument 'catkin_cmake_args' from command line to 'None'
[1.976s] Level 5:colcon.colcon_core.verb:set package 'mypackage' build argument 'catkin_skip_building_tests' from command line to 'False'
[1.976s] DEBUG:colcon.colcon_core.verb:Building package 'mypackage' with the following arguments: {'ament_cmake_args': None, 'build_base': '/home/skp/ros/dev_ws/build/mypackage', 'catkin_cmake_args': None, 'catkin_skip_building_tests': False, 'cmake_args': None, 'cmake_clean_cache': False, 'cmake_clean_first': False, 'cmake_force_configure': False, 'cmake_target': None, 'cmake_target_skip_unavailable': False, 'install_base': '/home/skp/ros/dev_ws/install/mypackage', 'merge_install': False, 'path': '/home/skp/ros/dev_ws/src/mypackage', 'symlink_install': True, 'test_result_base': None}
[1.980s] INFO:colcon.colcon_core.executor:Executing jobs using 'parallel' executor
[2.005s] DEBUG:colcon.colcon_parallel_executor.executor.parallel:run_until_complete
[2.007s] INFO:colcon.colcon_ros.task.ament_cmake.build:Building ROS package in '/home/skp/ros/dev_ws/src/mypackage' with build type 'ament_cmake'
[2.008s] INFO:colcon.colcon_cmake.task.cmake.build:Building CMake package in '/home/skp/ros/dev_ws/src/mypackage'
[2.034s] INFO:colcon.colcon_core.plugin_system:Skipping extension 'colcon_core.shell.bat': Not used on non-Windows systems
[2.035s] INFO:colcon.colcon_core.shell:Skip shell extension 'powershell' for command environment: Not usable outside of PowerShell
[2.035s] DEBUG:colcon.colcon_core.shell:Skip shell extension 'dsv' for command environment
[2.104s] DEBUG:colcon.colcon_core.event_handler.log_command:Invoking command in '/home/skp/ros/dev_ws/build/mypackage': CMAKE_PREFIX_PATH=${CMAKE_PREFIX_PATH}:/opt/ros/foxy /usr/bin/cmake --build /home/skp/ros/dev_ws/build/mypackage -- -j8 -l8
[3.450s] DEBUG:colcon.colcon_core.event_handler.log_command:Invoked command in '/home/skp/ros/dev_ws/build/mypackage' returned '0': CMAKE_PREFIX_PATH=${CMAKE_PREFIX_PATH}:/opt/ros/foxy /usr/bin/cmake --build /home/skp/ros/dev_ws/build/mypackage -- -j8 -l8
[3.568s] DEBUG:colcon.colcon_core.event_handler.log_command:Invoking command in '/home/skp/ros/dev_ws/build/mypackage': CMAKE_PREFIX_PATH=${CMAKE_PREFIX_PATH}:/opt/ros/foxy /usr/bin/cmake --install /home/skp/ros/dev_ws/build/mypackage
[3.669s] Level 1:colcon.colcon_core.environment:create_environment_scripts_only(mypackage)
[3.673s] DEBUG:colcon.colcon_core.event_handler.log_command:Invoked command in '/home/skp/ros/dev_ws/build/mypackage' returned '0': CMAKE_PREFIX_PATH=${CMAKE_PREFIX_PATH}:/opt/ros/foxy /usr/bin/cmake --install /home/skp/ros/dev_ws/build/mypackage
[3.702s] Level 1:colcon.colcon_core.environment:checking '/home/skp/ros/dev_ws/install/mypackage' for CMake module files
[3.704s] Level 1:colcon.colcon_core.environment:checking '/home/skp/ros/dev_ws/install/mypackage' for CMake config files
[3.705s] Level 1:colcon.colcon_core.shell:create_environment_hook('mypackage', 'cmake_prefix_path')
[3.715s] INFO:colcon.colcon_core.shell:Creating environment hook '/home/skp/ros/dev_ws/install/mypackage/share/mypackage/hook/cmake_prefix_path.ps1'
[3.719s] INFO:colcon.colcon_core.shell:Creating environment descriptor '/home/skp/ros/dev_ws/install/mypackage/share/mypackage/hook/cmake_prefix_path.dsv'
[3.721s] INFO:colcon.colcon_core.shell:Creating environment hook '/home/skp/ros/dev_ws/install/mypackage/share/mypackage/hook/cmake_prefix_path.sh'
[3.724s] Level 1:colcon.colcon_core.environment:checking '/home/skp/ros/dev_ws/install/mypackage/bin'
[3.725s] Level 1:colcon.colcon_core.environment:checking '/home/skp/ros/dev_ws/install/mypackage/lib/pkgconfig/mypackage.pc'
[3.726s] Level 1:colcon.colcon_core.environment:checking '/home/skp/ros/dev_ws/install/mypackage/lib/python3.8/site-packages'
[3.727s] Level 1:colcon.colcon_core.environment:checking '/home/skp/ros/dev_ws/install/mypackage/bin'
[3.733s] INFO:colcon.colcon_core.shell:Creating package script '/home/skp/ros/dev_ws/install/mypackage/share/mypackage/package.ps1'
[3.739s] INFO:colcon.colcon_core.shell:Creating package descriptor '/home/skp/ros/dev_ws/install/mypackage/share/mypackage/package.dsv'
[3.743s] INFO:colcon.colcon_core.shell:Creating package script '/home/skp/ros/dev_ws/install/mypackage/share/mypackage/package.sh'
[3.749s] INFO:colcon.colcon_core.shell:Creating package script '/home/skp/ros/dev_ws/install/mypackage/share/mypackage/package.bash'
[3.753s] INFO:colcon.colcon_core.shell:Creating package script '/home/skp/ros/dev_ws/install/mypackage/share/mypackage/package.zsh'
[3.756s] Level 1:colcon.colcon_core.environment:create_file_with_runtime_dependencies(/home/skp/ros/dev_ws/install/mypackage/share/colcon-core/packages/mypackage)
[3.832s] Level 1:colcon.colcon_core.environment:create_environment_scripts_only(mypackage)
[3.842s] Level 1:colcon.colcon_core.environment:checking '/home/skp/ros/dev_ws/install/mypackage' for CMake module files
[3.845s] Level 1:colcon.colcon_core.environment:checking '/home/skp/ros/dev_ws/install/mypackage' for CMake config files
[3.846s] Level 1:colcon.colcon_core.shell:create_environment_hook('mypackage', 'cmake_prefix_path')
[3.853s] INFO:colcon.colcon_core.shell:Creating environment hook '/home/skp/ros/dev_ws/install/mypackage/share/mypackage/hook/cmake_prefix_path.ps1'
[3.855s] INFO:colcon.colcon_core.shell:Creating environment descriptor '/home/skp/ros/dev_ws/install/mypackage/share/mypackage/hook/cmake_prefix_path.dsv'
[3.857s] INFO:colcon.colcon_core.shell:Creating environment hook '/home/skp/ros/dev_ws/install/mypackage/share/mypackage/hook/cmake_prefix_path.sh'
[3.859s] Level 1:colcon.colcon_core.environment:checking '/home/skp/ros/dev_ws/install/mypackage/bin'
[3.860s] Level 1:colcon.colcon_core.environment:checking '/home/skp/ros/dev_ws/install/mypackage/lib/pkgconfig/mypackage.pc'
[3.861s] Level 1:colcon.colcon_core.environment:checking '/home/skp/ros/dev_ws/install/mypackage/lib/python3.8/site-packages'
[3.861s] Level 1:colcon.colcon_core.environment:checking '/home/skp/ros/dev_ws/install/mypackage/bin'
[3.868s] INFO:colcon.colcon_core.shell:Creating package script '/home/skp/ros/dev_ws/install/mypackage/share/mypackage/package.ps1'
[3.870s] INFO:colcon.colcon_core.shell:Creating package descriptor '/home/skp/ros/dev_ws/install/mypackage/share/mypackage/package.dsv'
[3.873s] INFO:colcon.colcon_core.shell:Creating package script '/home/skp/ros/dev_ws/install/mypackage/share/mypackage/package.sh'
[3.875s] INFO:colcon.colcon_core.shell:Creating package script '/home/skp/ros/dev_ws/install/mypackage/share/mypackage/package.bash'
[3.877s] INFO:colcon.colcon_core.shell:Creating package script '/home/skp/ros/dev_ws/install/mypackage/share/mypackage/package.zsh'
[3.879s] Level 1:colcon.colcon_core.environment:create_file_with_runtime_dependencies(/home/skp/ros/dev_ws/install/mypackage/share/colcon-core/packages/mypackage)
[3.881s] DEBUG:colcon.colcon_parallel_executor.executor.parallel:closing loop
[3.884s] DEBUG:colcon.colcon_parallel_executor.executor.parallel:loop closed
[3.885s] DEBUG:colcon.colcon_parallel_executor.executor.parallel:run_until_complete finished with '0'
[3.886s] DEBUG:colcon.colcon_core.event_reactor:joining thread
[4.319s] INFO:colcon.colcon_core.plugin_system:Skipping extension 'colcon_notification.desktop_notification.notify_send': Could not find 'notify-send'
[4.319s] INFO:colcon.colcon_core.plugin_system:Skipping extension 'colcon_notification.desktop_notification.terminal_notifier': Not used on non-Darwin systems
[4.320s] INFO:colcon.colcon_core.plugin_system:Skipping extension 'colcon_notification.desktop_notification.win32': Not used on non-Windows systems
[4.320s] INFO:colcon.colcon_notification.desktop_notification:Sending desktop notification using 'notify2'
[4.320s] DEBUG:colcon.colcon_notification.desktop_notification.notify2:Failed to initialize notify2: org.freedesktop.DBus.Error.NotSupported: Unable to autolaunch a dbus-daemon without a $DISPLAY for X11
[4.321s] DEBUG:colcon.colcon_core.event_reactor:joined thread
[4.328s] INFO:colcon.colcon_core.shell:Creating prefix script '/home/skp/ros/dev_ws/install/local_setup.ps1'
[4.332s] INFO:colcon.colcon_core.shell:Creating prefix util module '/home/skp/ros/dev_ws/install/_local_setup_util_ps1.py'
[4.337s] INFO:colcon.colcon_core.shell:Creating prefix chain script '/home/skp/ros/dev_ws/install/setup.ps1'
[4.343s] INFO:colcon.colcon_core.shell:Creating prefix script '/home/skp/ros/dev_ws/install/local_setup.sh'
[4.348s] INFO:colcon.colcon_core.shell:Creating prefix util module '/home/skp/ros/dev_ws/install/_local_setup_util_sh.py'
[4.351s] INFO:colcon.colcon_core.shell:Creating prefix chain script '/home/skp/ros/dev_ws/install/setup.sh'
[4.361s] INFO:colcon.colcon_core.shell:Creating prefix script '/home/skp/ros/dev_ws/install/local_setup.bash'
[4.365s] INFO:colcon.colcon_core.shell:Creating prefix chain script '/home/skp/ros/dev_ws/install/setup.bash'
[4.374s] INFO:colcon.colcon_core.shell:Creating prefix script '/home/skp/ros/dev_ws/install/local_setup.zsh'
[4.378s] INFO:colcon.colcon_core.shell:Creating prefix chain script '/home/skp/ros/dev_ws/install/setup.zsh'
