-- The C compiler identification is GNU 10.3.0
-- The CXX compiler identification is GNU 10.3.0
-- Check for working C compiler: /usr/bin/cc
-- Check for working C compiler: /usr/bin/cc -- works
-- Detecting C compiler ABI info
-- Detecting C compiler ABI info - done
-- Detecting C compile features
-- Detecting C compile features - done
-- Check for working CXX compiler: /usr/bin/c++
-- Check for working CXX compiler: /usr/bin/c++ -- works
-- Detecting CXX compiler ABI info
-- Detecting CXX compiler ABI info - done
-- Detecting CXX compile features
-- Detecting CXX compile features - done
-- Found ament_cmake: 0.9.9 (/opt/ros/foxy/share/ament_cmake/cmake)
-- Found PythonInterp: /usr/bin/python3 (found suitable version "3.8.10", minimum required is "3") 
-- Using PYTHON_EXECUTABLE: /usr/bin/python3
-- Override CMake install command with custom implementation using symlinks instead of copying resources
-- Found ament_lint_auto: 0.9.6 (/opt/ros/foxy/share/ament_lint_auto/cmake)
-- Added test 'copyright' to check source files copyright and LICENSE
-- Added test 'flake8' to check Python code syntax and style conventions
-- Added test 'lint_cmake' to check CMake code style
-- Added test 'pep257' to check Python code against some of the style conventions in PEP 257
-- Added test 'xmllint' to check XML markup files
-- Configuring done
-- Generating done
-- Build files have been written to: /home/skp/ros/dev_ws/build/mypackage
-- Install configuration: ""
-- Execute custom install script
-- Symlinking: /home/skp/ros/dev_ws/install/mypackage/share/mypackage/launch/listner.launch.py
-- Symlinking: /home/skp/ros/dev_ws/install/mypackage/share/mypackage/launch/talker.launch.py
-- Symlinking: /home/skp/ros/dev_ws/install/mypackage/share/ament_index/resource_index/package_run_dependencies/mypackage
-- Symlinking: /home/skp/ros/dev_ws/install/mypackage/share/ament_index/resource_index/parent_prefix_path/mypackage
-- Symlinking: /home/skp/ros/dev_ws/install/mypackage/share/mypackage/environment/ament_prefix_path.sh
-- Symlinking: /home/skp/ros/dev_ws/install/mypackage/share/mypackage/environment/ament_prefix_path.dsv
-- Symlinking: /home/skp/ros/dev_ws/install/mypackage/share/mypackage/environment/path.sh
-- Symlinking: /home/skp/ros/dev_ws/install/mypackage/share/mypackage/environment/path.dsv
-- Symlinking: /home/skp/ros/dev_ws/install/mypackage/share/mypackage/local_setup.bash
-- Symlinking: /home/skp/ros/dev_ws/install/mypackage/share/mypackage/local_setup.sh
-- Symlinking: /home/skp/ros/dev_ws/install/mypackage/share/mypackage/local_setup.zsh
-- Symlinking: /home/skp/ros/dev_ws/install/mypackage/share/mypackage/local_setup.dsv
-- Symlinking: /home/skp/ros/dev_ws/install/mypackage/share/mypackage/package.dsv
-- Symlinking: /home/skp/ros/dev_ws/install/mypackage/share/ament_index/resource_index/packages/mypackage
-- Symlinking: /home/skp/ros/dev_ws/install/mypackage/share/mypackage/cmake/mypackageConfig.cmake
-- Symlinking: /home/skp/ros/dev_ws/install/mypackage/share/mypackage/cmake/mypackageConfig-version.cmake
-- Symlinking: /home/skp/ros/dev_ws/install/mypackage/share/mypackage/package.xml
