[1.437s] DEBUG:colcon:Command line arguments: ['/usr/bin/colcon', 'build', '--symlink-install']
[1.437s] DEBUG:colcon:Parsed command line arguments: Namespace(allow_overriding=[], ament_cmake_args=None, base_paths=['.'], build_base='build', catkin_cmake_args=None, catkin_skip_building_tests=False, cmake_args=None, cmake_clean_cache=False, cmake_clean_first=False, cmake_force_configure=False, cmake_target=None, cmake_target_skip_unavailable=False, continue_on_error=False, event_handlers=None, executor='parallel', ignore_user_meta=False, install_base='install', log_base=None, log_level=None, main=<bound method BuildVerb.main of <colcon_core.verb.build.BuildVerb object at 0x7f2b333e8040>>, merge_install=False, metas=['./colcon.meta'], packages_above=None, packages_above_and_dependencies=None, packages_above_depth=None, packages_end=None, packages_ignore=None, packages_ignore_regex=None, packages_select=None, packages_select_build_failed=False, packages_select_by_dep=None, packages_select_regex=None, packages_select_test_failures=False, packages_skip=None, packages_skip_build_finished=False, packages_skip_by_dep=None, packages_skip_regex=None, packages_skip_test_passed=False, packages_skip_up_to=None, packages_start=None, packages_up_to=None, packages_up_to_regex=None, parallel_workers=8, paths=None, symlink_install=True, test_result_base=None, verb_extension=<colcon_core.verb.build.BuildVerb object at 0x7f2b333e8040>, verb_name='build', verb_parser=<colcon_defaults.argument_parser.defaults.DefaultArgumentsDecorator object at 0x7f2b333e85b0>)
[1.544s] Level 1:colcon.colcon_core.package_discovery:discover_packages(colcon_meta) check parameters
[1.545s] Level 1:colcon.colcon_core.package_discovery:discover_packages(recursive) check parameters
[1.545s] Level 1:colcon.colcon_core.package_discovery:discover_packages(ignore) check parameters
[1.545s] Level 1:colcon.colcon_core.package_discovery:discover_packages(path) check parameters
[1.546s] Level 1:colcon.colcon_core.package_discovery:discover_packages(colcon_meta) discover
[1.546s] Level 1:colcon.colcon_core.package_discovery:discover_packages(recursive) discover
[1.546s] INFO:colcon.colcon_core.package_discovery:Crawling recursively for packages in '/home/skp/ros/dev_ws'
[1.547s] Level 1:colcon.colcon_core.package_identification:_identify(.) by extensions ['ignore', 'ignore_ament_install']
[1.547s] Level 1:colcon.colcon_core.package_identification:_identify(.) by extension 'ignore'
[1.547s] Level 1:colcon.colcon_core.package_identification:_identify(.) by extension 'ignore_ament_install'
[1.548s] Level 1:colcon.colcon_core.package_identification:_identify(.) by extensions ['colcon_pkg']
[1.548s] Level 1:colcon.colcon_core.package_identification:_identify(.) by extension 'colcon_pkg'
[1.548s] Level 1:colcon.colcon_core.package_identification:_identify(.) by extensions ['colcon_meta']
[1.548s] Level 1:colcon.colcon_core.package_identification:_identify(.) by extension 'colcon_meta'
[1.549s] Level 1:colcon.colcon_core.package_identification:_identify(.) by extensions ['ros']
[1.549s] Level 1:colcon.colcon_core.package_identification:_identify(.) by extension 'ros'
[1.597s] Level 1:colcon.colcon_core.package_identification:_identify(.) by extensions ['cmake', 'python']
[1.597s] Level 1:colcon.colcon_core.package_identification:_identify(.) by extension 'cmake'
[1.598s] Level 1:colcon.colcon_core.package_identification:_identify(.) by extension 'python'
[1.598s] Level 1:colcon.colcon_core.package_identification:_identify(.) by extensions ['python_setup_py']
[1.598s] Level 1:colcon.colcon_core.package_identification:_identify(.) by extension 'python_setup_py'
[1.599s] Level 1:colcon.colcon_core.package_identification:_identify(build) by extensions ['ignore', 'ignore_ament_install']
[1.599s] Level 1:colcon.colcon_core.package_identification:_identify(build) by extension 'ignore'
[1.599s] Level 1:colcon.colcon_core.package_identification:_identify(build) ignored
[1.600s] Level 1:colcon.colcon_core.package_identification:_identify(install) by extensions ['ignore', 'ignore_ament_install']
[1.600s] Level 1:colcon.colcon_core.package_identification:_identify(install) by extension 'ignore'
[1.600s] Level 1:colcon.colcon_core.package_identification:_identify(install) ignored
[1.601s] Level 1:colcon.colcon_core.package_identification:_identify(log) by extensions ['ignore', 'ignore_ament_install']
[1.601s] Level 1:colcon.colcon_core.package_identification:_identify(log) by extension 'ignore'
[1.602s] Level 1:colcon.colcon_core.package_identification:_identify(log) ignored
[1.602s] Level 1:colcon.colcon_core.package_identification:_identify(src) by extensions ['ignore', 'ignore_ament_install']
[1.602s] Level 1:colcon.colcon_core.package_identification:_identify(src) by extension 'ignore'
[1.603s] Level 1:colcon.colcon_core.package_identification:_identify(src) by extension 'ignore_ament_install'
[1.603s] Level 1:colcon.colcon_core.package_identification:_identify(src) by extensions ['colcon_pkg']
[1.604s] Level 1:colcon.colcon_core.package_identification:_identify(src) by extension 'colcon_pkg'
[1.604s] Level 1:colcon.colcon_core.package_identification:_identify(src) by extensions ['colcon_meta']
[1.604s] Level 1:colcon.colcon_core.package_identification:_identify(src) by extension 'colcon_meta'
[1.605s] Level 1:colcon.colcon_core.package_identification:_identify(src) by extensions ['ros']
[1.605s] Level 1:colcon.colcon_core.package_identification:_identify(src) by extension 'ros'
[1.606s] Level 1:colcon.colcon_core.package_identification:_identify(src) by extensions ['cmake', 'python']
[1.606s] Level 1:colcon.colcon_core.package_identification:_identify(src) by extension 'cmake'
[1.606s] Level 1:colcon.colcon_core.package_identification:_identify(src) by extension 'python'
[1.607s] Level 1:colcon.colcon_core.package_identification:_identify(src) by extensions ['python_setup_py']
[1.607s] Level 1:colcon.colcon_core.package_identification:_identify(src) by extension 'python_setup_py'
[1.608s] Level 1:colcon.colcon_core.package_identification:_identify(src/mypackage) by extensions ['ignore', 'ignore_ament_install']
[1.609s] Level 1:colcon.colcon_core.package_identification:_identify(src/mypackage) by extension 'ignore'
[1.609s] Level 1:colcon.colcon_core.package_identification:_identify(src/mypackage) by extension 'ignore_ament_install'
[1.609s] Level 1:colcon.colcon_core.package_identification:_identify(src/mypackage) by extensions ['colcon_pkg']
[1.609s] Level 1:colcon.colcon_core.package_identification:_identify(src/mypackage) by extension 'colcon_pkg'
[1.610s] Level 1:colcon.colcon_core.package_identification:_identify(src/mypackage) by extensions ['colcon_meta']
[1.610s] Level 1:colcon.colcon_core.package_identification:_identify(src/mypackage) by extension 'colcon_meta'
[1.610s] Level 1:colcon.colcon_core.package_identification:_identify(src/mypackage) by extensions ['ros']
[1.611s] Level 1:colcon.colcon_core.package_identification:_identify(src/mypackage) by extension 'ros'
[1.621s] DEBUG:colcon.colcon_core.package_identification:Package 'src/mypackage' with type 'ros.ament_cmake' and name 'mypackage'
[1.622s] Level 1:colcon.colcon_core.package_discovery:discover_packages(recursive) using defaults
[1.622s] Level 1:colcon.colcon_core.package_discovery:discover_packages(ignore) discover
[1.622s] Level 1:colcon.colcon_core.package_discovery:discover_packages(ignore) using defaults
[1.622s] Level 1:colcon.colcon_core.package_discovery:discover_packages(path) discover
[1.622s] Level 1:colcon.colcon_core.package_discovery:discover_packages(path) using defaults
[1.729s] Level 1:colcon.colcon_core.package_discovery:discover_packages(prefix_path) check parameters
[1.730s] Level 1:colcon.colcon_core.package_discovery:discover_packages(prefix_path) discover
[1.740s] DEBUG:colcon.colcon_installed_package_information.package_discovery:Found 1 installed packages in /home/skp/ros/dev_ws/install
[1.748s] DEBUG:colcon.colcon_installed_package_information.package_discovery:Found 256 installed packages in /opt/ros/foxy
[1.757s] Level 1:colcon.colcon_core.package_discovery:discover_packages(prefix_path) using defaults
[2.075s] Level 5:colcon.colcon_core.verb:set package 'mypackage' build argument 'cmake_args' from command line to 'None'
[2.075s] Level 5:colcon.colcon_core.verb:set package 'mypackage' build argument 'cmake_target' from command line to 'None'
[2.076s] Level 5:colcon.colcon_core.verb:set package 'mypackage' build argument 'cmake_target_skip_unavailable' from command line to 'False'
[2.076s] Level 5:colcon.colcon_core.verb:set package 'mypackage' build argument 'cmake_clean_cache' from command line to 'False'
[2.076s] Level 5:colcon.colcon_core.verb:set package 'mypackage' build argument 'cmake_clean_first' from command line to 'False'
[2.077s] Level 5:colcon.colcon_core.verb:set package 'mypackage' build argument 'cmake_force_configure' from command line to 'False'
[2.077s] Level 5:colcon.colcon_core.verb:set package 'mypackage' build argument 'ament_cmake_args' from command line to 'None'
[2.077s] Level 5:colcon.colcon_core.verb:set package 'mypackage' build argument 'catkin_cmake_args' from command line to 'None'
[2.077s] Level 5:colcon.colcon_core.verb:set package 'mypackage' build argument 'catkin_skip_building_tests' from command line to 'False'
[2.078s] DEBUG:colcon.colcon_core.verb:Building package 'mypackage' with the following arguments: {'ament_cmake_args': None, 'build_base': '/home/skp/ros/dev_ws/build/mypackage', 'catkin_cmake_args': None, 'catkin_skip_building_tests': False, 'cmake_args': None, 'cmake_clean_cache': False, 'cmake_clean_first': False, 'cmake_force_configure': False, 'cmake_target': None, 'cmake_target_skip_unavailable': False, 'install_base': '/home/skp/ros/dev_ws/install/mypackage', 'merge_install': False, 'path': '/home/skp/ros/dev_ws/src/mypackage', 'symlink_install': True, 'test_result_base': None}
[2.082s] INFO:colcon.colcon_core.executor:Executing jobs using 'parallel' executor
[2.107s] DEBUG:colcon.colcon_parallel_executor.executor.parallel:run_until_complete
[2.109s] INFO:colcon.colcon_ros.task.ament_cmake.build:Building ROS package in '/home/skp/ros/dev_ws/src/mypackage' with build type 'ament_cmake'
[2.110s] INFO:colcon.colcon_cmake.task.cmake.build:Building CMake package in '/home/skp/ros/dev_ws/src/mypackage'
[2.133s] INFO:colcon.colcon_core.plugin_system:Skipping extension 'colcon_core.shell.bat': Not used on non-Windows systems
[2.135s] INFO:colcon.colcon_core.shell:Skip shell extension 'powershell' for command environment: Not usable outside of PowerShell
[2.135s] DEBUG:colcon.colcon_core.shell:Skip shell extension 'dsv' for command environment
[2.197s] DEBUG:colcon.colcon_core.event_handler.log_command:Invoking command in '/home/skp/ros/dev_ws/build/mypackage': CMAKE_PREFIX_PATH=${CMAKE_PREFIX_PATH}:/opt/ros/foxy /usr/bin/cmake --build /home/skp/ros/dev_ws/build/mypackage -- -j8 -l8
[2.362s] DEBUG:colcon.colcon_core.event_handler.log_command:Invoked command in '/home/skp/ros/dev_ws/build/mypackage' returned '0': CMAKE_PREFIX_PATH=${CMAKE_PREFIX_PATH}:/opt/ros/foxy /usr/bin/cmake --build /home/skp/ros/dev_ws/build/mypackage -- -j8 -l8
[2.474s] DEBUG:colcon.colcon_core.event_handler.log_command:Invoking command in '/home/skp/ros/dev_ws/build/mypackage': CMAKE_PREFIX_PATH=${CMAKE_PREFIX_PATH}:/opt/ros/foxy /usr/bin/cmake --install /home/skp/ros/dev_ws/build/mypackage
[2.560s] Level 1:colcon.colcon_core.environment:create_environment_scripts_only(mypackage)
[2.563s] DEBUG:colcon.colcon_core.event_handler.log_command:Invoked command in '/home/skp/ros/dev_ws/build/mypackage' returned '0': CMAKE_PREFIX_PATH=${CMAKE_PREFIX_PATH}:/opt/ros/foxy /usr/bin/cmake --install /home/skp/ros/dev_ws/build/mypackage
[2.591s] Level 1:colcon.colcon_core.environment:checking '/home/skp/ros/dev_ws/install/mypackage' for CMake module files
[2.593s] Level 1:colcon.colcon_core.environment:checking '/home/skp/ros/dev_ws/install/mypackage' for CMake config files
[2.594s] Level 1:colcon.colcon_core.shell:create_environment_hook('mypackage', 'cmake_prefix_path')
[2.605s] INFO:colcon.colcon_core.shell:Creating environment hook '/home/skp/ros/dev_ws/install/mypackage/share/mypackage/hook/cmake_prefix_path.ps1'
[2.611s] INFO:colcon.colcon_core.shell:Creating environment descriptor '/home/skp/ros/dev_ws/install/mypackage/share/mypackage/hook/cmake_prefix_path.dsv'
[2.613s] INFO:colcon.colcon_core.shell:Creating environment hook '/home/skp/ros/dev_ws/install/mypackage/share/mypackage/hook/cmake_prefix_path.sh'
[2.617s] Level 1:colcon.colcon_core.environment:checking '/home/skp/ros/dev_ws/install/mypackage/bin'
[2.617s] Level 1:colcon.colcon_core.environment:checking '/home/skp/ros/dev_ws/install/mypackage/lib/pkgconfig/mypackage.pc'
[2.618s] Level 1:colcon.colcon_core.environment:checking '/home/skp/ros/dev_ws/install/mypackage/lib/python3.8/site-packages'
[2.619s] Level 1:colcon.colcon_core.environment:checking '/home/skp/ros/dev_ws/install/mypackage/bin'
[2.627s] INFO:colcon.colcon_core.shell:Creating package script '/home/skp/ros/dev_ws/install/mypackage/share/mypackage/package.ps1'
[2.630s] INFO:colcon.colcon_core.shell:Creating package descriptor '/home/skp/ros/dev_ws/install/mypackage/share/mypackage/package.dsv'
[2.633s] INFO:colcon.colcon_core.shell:Creating package script '/home/skp/ros/dev_ws/install/mypackage/share/mypackage/package.sh'
[2.636s] INFO:colcon.colcon_core.shell:Creating package script '/home/skp/ros/dev_ws/install/mypackage/share/mypackage/package.bash'
[2.639s] INFO:colcon.colcon_core.shell:Creating package script '/home/skp/ros/dev_ws/install/mypackage/share/mypackage/package.zsh'
[2.642s] Level 1:colcon.colcon_core.environment:create_file_with_runtime_dependencies(/home/skp/ros/dev_ws/install/mypackage/share/colcon-core/packages/mypackage)
[2.726s] Level 1:colcon.colcon_core.environment:create_environment_scripts_only(mypackage)
[2.737s] Level 1:colcon.colcon_core.environment:checking '/home/skp/ros/dev_ws/install/mypackage' for CMake module files
[2.740s] Level 1:colcon.colcon_core.environment:checking '/home/skp/ros/dev_ws/install/mypackage' for CMake config files
[2.741s] Level 1:colcon.colcon_core.shell:create_environment_hook('mypackage', 'cmake_prefix_path')
[2.748s] INFO:colcon.colcon_core.shell:Creating environment hook '/home/skp/ros/dev_ws/install/mypackage/share/mypackage/hook/cmake_prefix_path.ps1'
[2.751s] INFO:colcon.colcon_core.shell:Creating environment descriptor '/home/skp/ros/dev_ws/install/mypackage/share/mypackage/hook/cmake_prefix_path.dsv'
[2.752s] INFO:colcon.colcon_core.shell:Creating environment hook '/home/skp/ros/dev_ws/install/mypackage/share/mypackage/hook/cmake_prefix_path.sh'
[2.755s] Level 1:colcon.colcon_core.environment:checking '/home/skp/ros/dev_ws/install/mypackage/bin'
[2.755s] Level 1:colcon.colcon_core.environment:checking '/home/skp/ros/dev_ws/install/mypackage/lib/pkgconfig/mypackage.pc'
[2.756s] Level 1:colcon.colcon_core.environment:checking '/home/skp/ros/dev_ws/install/mypackage/lib/python3.8/site-packages'
[2.757s] Level 1:colcon.colcon_core.environment:checking '/home/skp/ros/dev_ws/install/mypackage/bin'
[2.764s] INFO:colcon.colcon_core.shell:Creating package script '/home/skp/ros/dev_ws/install/mypackage/share/mypackage/package.ps1'
[2.766s] INFO:colcon.colcon_core.shell:Creating package descriptor '/home/skp/ros/dev_ws/install/mypackage/share/mypackage/package.dsv'
[2.768s] INFO:colcon.colcon_core.shell:Creating package script '/home/skp/ros/dev_ws/install/mypackage/share/mypackage/package.sh'
[2.770s] INFO:colcon.colcon_core.shell:Creating package script '/home/skp/ros/dev_ws/install/mypackage/share/mypackage/package.bash'
[2.772s] INFO:colcon.colcon_core.shell:Creating package script '/home/skp/ros/dev_ws/install/mypackage/share/mypackage/package.zsh'
[2.773s] Level 1:colcon.colcon_core.environment:create_file_with_runtime_dependencies(/home/skp/ros/dev_ws/install/mypackage/share/colcon-core/packages/mypackage)
[2.775s] DEBUG:colcon.colcon_parallel_executor.executor.parallel:closing loop
[2.778s] DEBUG:colcon.colcon_parallel_executor.executor.parallel:loop closed
[2.779s] DEBUG:colcon.colcon_parallel_executor.executor.parallel:run_until_complete finished with '0'
[2.779s] DEBUG:colcon.colcon_core.event_reactor:joining thread
[3.208s] INFO:colcon.colcon_core.plugin_system:Skipping extension 'colcon_notification.desktop_notification.notify_send': Could not find 'notify-send'
[3.208s] INFO:colcon.colcon_core.plugin_system:Skipping extension 'colcon_notification.desktop_notification.terminal_notifier': Not used on non-Darwin systems
[3.209s] INFO:colcon.colcon_core.plugin_system:Skipping extension 'colcon_notification.desktop_notification.win32': Not used on non-Windows systems
[3.209s] INFO:colcon.colcon_notification.desktop_notification:Sending desktop notification using 'notify2'
[3.209s] DEBUG:colcon.colcon_notification.desktop_notification.notify2:Failed to initialize notify2: org.freedesktop.DBus.Error.NotSupported: Unable to autolaunch a dbus-daemon without a $DISPLAY for X11
[3.210s] DEBUG:colcon.colcon_core.event_reactor:joined thread
[3.217s] INFO:colcon.colcon_core.shell:Creating prefix script '/home/skp/ros/dev_ws/install/local_setup.ps1'
[3.220s] INFO:colcon.colcon_core.shell:Creating prefix util module '/home/skp/ros/dev_ws/install/_local_setup_util_ps1.py'
[3.226s] INFO:colcon.colcon_core.shell:Creating prefix chain script '/home/skp/ros/dev_ws/install/setup.ps1'
[3.231s] INFO:colcon.colcon_core.shell:Creating prefix script '/home/skp/ros/dev_ws/install/local_setup.sh'
[3.234s] INFO:colcon.colcon_core.shell:Creating prefix util module '/home/skp/ros/dev_ws/install/_local_setup_util_sh.py'
[3.236s] INFO:colcon.colcon_core.shell:Creating prefix chain script '/home/skp/ros/dev_ws/install/setup.sh'
[3.242s] INFO:colcon.colcon_core.shell:Creating prefix script '/home/skp/ros/dev_ws/install/local_setup.bash'
[3.245s] INFO:colcon.colcon_core.shell:Creating prefix chain script '/home/skp/ros/dev_ws/install/setup.bash'
[3.252s] INFO:colcon.colcon_core.shell:Creating prefix script '/home/skp/ros/dev_ws/install/local_setup.zsh'
[3.254s] INFO:colcon.colcon_core.shell:Creating prefix chain script '/home/skp/ros/dev_ws/install/setup.zsh'
